NETBEGIN 1
CLUBEGIN 1
PERBEGIN 1
CLSBEGIN 1
HIEBEGIN 1
VECBEGIN 1

% Reading Network   ---    Z:\home\shaneoh\workspace\radical-clustering\ids_hex.net
N 1 RDN "Z:\home\shaneoh\workspace\radical-clustering\ids_hex.net" (88949)
% Weak Components
C 1 COMP 1 [2] [2] (88949)
% Extracting Subnetwork according to Partition
N 2 EXT 1 1 [1] 1 (88850)
% Saving network to file   ---    Z:\home\shaneoh\workspace\radical-clustering\ids_hex_giant.net
P 1 SELECT
N 2 WN "Z:\home\shaneoh\workspace\radical-clustering\ids_hex_giant.net" 0 (88850)
% # Louvain Community Detection. Coarsening only.                              #
% Level=1
% Shrinking
% Level=2
% Shrinking
% Level=3
% Shrinking
% Level=4
% Shrinking
% Level=5
%  Single Refinement on the Original Network.
% Level=5
%  Final partition after additional refinement
C 3 MODULARITY 2 20 50 1 1.0000000000 0.500000 (88850)
% # Louvain Community Detection. Coarsening only.                              #
% Level=1
% Shrinking
% Level=2
% Shrinking
% Level=3
% Shrinking
% Level=4
% Shrinking
% Level=5
%  Single Refinement on the Original Network.
% Level=5
%  Final partition after additional refinement
C 4 MODULARITY 2 20 50 1 1.0000000000 0.500000 (88850)
% # Louvain Community Detection. Coarsening only.                              #
% Level=1
% Shrinking
% Level=2
% Shrinking
% Level=3
% Shrinking
% Level=4
% Shrinking
% Level=5
%  Single Refinement on the Original Network.
% Level=5
%  Final partition after additional refinement
C 5 MODULARITY 2 20 50 1 1.0000000000 0.500000 (88850)
% # Louvain Community Detection. Coarsening only.                              #
% Level=1
% Shrinking
% Level=2
% Shrinking
% Level=3
% Shrinking
% Level=4
% Shrinking
% Level=5
%  Single Refinement on the Original Network.
% Level=5
%  Final partition after additional refinement
C 6 MODULARITY 2 20 50 1 1.0000000000 0.500000 (88850)
% # Louvain Community Detection. Coarsening only.                              #
% Level=1
% Shrinking
% Level=2
% Shrinking
% Level=3
% Shrinking
% Level=4
% Shrinking
% Level=5
%  Single Refinement on the Original Network.
% Level=5
%  Final partition after additional refinement
C 7 MODULARITY 2 20 50 1 1.0000000000 0.500000 (88850)
% # Louvain Community Detection. Coarsening only.                              #
% Level=1
% Shrinking
% Level=2
% Shrinking
% Level=3
% Shrinking
% Level=4
% Shrinking
% Level=5
%  Single Refinement on the Original Network.
% Level=5
%  Final partition after additional refinement
C 8 MODULARITY 2 20 50 1 1.0000000000 0.500000 (88850)
% Reading Partition   ---    Z:\home\shaneoh\workspace\radical-clustering\louvain_communities.clu
C 9 RDC "Z:\home\shaneoh\workspace\radical-clustering\louvain_communities.clu" (88850)
% Shrinking
P 1 SELECT
N 3 SHR 2 9 [1 ,0,1] (75)
% Saving network to file   ---    Z:\home\shaneoh\workspace\radical-clustering\shrink.net
P 2 SELECT
N 3 WN "Z:\home\shaneoh\workspace\radical-clustering\shrink.net" 0 (75)
