NETBEGIN 1
CLUBEGIN 1
PERBEGIN 1
CLSBEGIN 1
HIEBEGIN 1
VECBEGIN 1

% Reading Network   ---    Z:\home\shaneoh\workspace\radical-clustering\shrink.net
N 1 RDN "Z:\home\shaneoh\workspace\radical-clustering\shrink.net" (75)
E 1 CIRCULAR
E 1 DRAW 0 0 0 0 0
E 1 KAMADACOMP
E 1 KAMADACOMP
E 1 KAMADACOMP
E 1 KAMADACOMP
E 1 KAMADACOMP
% Computing Clustering Coefficients
V 2 CLUSTCOEFF 1 (75)
% Weighted Degree
V 3 LINESUM 1 [2] (75)
E 1 DRAW 0 3 0 0 0
E 1 KAMADACOMP
E 1 CIRCULAR
E 1 TILE
E 1 TILE
E 1 KAMADA
% Reading Network   ---    Z:\home\shaneoh\workspace\radical-clustering\ids_hex_giant.net
N 2 RDN "Z:\home\shaneoh\workspace\radical-clustering\ids_hex_giant.net" (88850)
% Reading Partition   ---    Z:\home\shaneoh\workspace\radical-clustering\louvain_communities.clu
C 2 RDC "Z:\home\shaneoh\workspace\radical-clustering\louvain_communities.clu" (88850)
% Reading Network   ---    Z:\home\shaneoh\workspace\radical-clustering\ids_hex.net
N 3 RDN "Z:\home\shaneoh\workspace\radical-clustering\ids_hex.net" (88949)
% Weak Components
C 3 COMP 3 [2] [2] (88949)
% Extracting Subnetwork according to Partition
N 4 EXT 3 3 [1] 1 (88850)
% # Louvain Community Detection. Coarsening only.                              #
% Level=1
% Shrinking
% Level=2
% Shrinking
% Level=3
% Shrinking
% Level=4
% Shrinking
% Level=5
%  Single Refinement on the Original Network.
% Level=5
%  Final partition after additional refinement
C 5 MODULARITY 4 20 50 1 1.0000000000 0.500000 (88850)
% # Louvain Community Detection. Coarsening only.                              #
% Level=1
% Shrinking
% Level=2
% Shrinking
% Level=3
% Shrinking
% Level=4
% Shrinking
% Level=5
%  Single Refinement on the Original Network.
% Level=5
%  Final partition after additional refinement
C 6 MODULARITY 4 20 50 1 1.0000000000 0.500000 (88850)
% Reading Partition   ---    Z:\home\shaneoh\workspace\radical-clustering\louvain_communities.clu
C 7 RDC "Z:\home\shaneoh\workspace\radical-clustering\louvain_communities.clu" (88850)
% # Louvain Community Detection. Coarsening only.                              #
% Level=1
% Shrinking
% Level=2
% Shrinking
% Level=3
% Shrinking
% Level=4
% Shrinking
% Level=5
%  Single Refinement on the Original Network.
% Level=5
%  Final partition after additional refinement
C 8 MODULARITY 4 20 50 1 10.0000000000 0.500000 (88850)
% # Louvain Community Detection. Coarsening only.                              #
% Level=1
% Shrinking
% Level=2
% Shrinking
% Level=3
% Shrinking
% Level=4
%  Single Refinement on the Original Network.
% Level=4
%  Final partition after additional refinement
C 9 MODULARITY 4 20 50 1 100.0000000000 0.500000 (88850)
% # Louvain Community Detection. Coarsening only.                              #
% Level=1
% Shrinking
% Level=2
% Shrinking
% Level=3
% Shrinking
% Level=4
% Shrinking
% Level=5
%  Single Refinement on the Original Network.
% Level=5
%  Final partition after additional refinement
C 10 MODULARITY 4 20 50 1 5.0000000000 0.500000 (88850)
% # Louvain Community Detection. Coarsening only.                              #
% Level=1
% Shrinking
% Level=2
% Shrinking
% Level=3
% Shrinking
% Level=4
% Shrinking
% Level=5
%  Single Refinement on the Original Network.
% Level=5
%  Final partition after additional refinement
C 11 MODULARITY 4 20 50 1 2.0000000000 0.500000 (88850)
% # Louvain Community Detection. Coarsening only.                              #
% Level=1
% Shrinking
% Level=2
% Shrinking
% Level=3
% Shrinking
% Level=4
% Shrinking
% Level=5
%  Single Refinement on the Original Network.
% Level=5
%  Final partition after additional refinement
C 12 MODULARITY 4 20 50 1 1.0000000000 0.500000 (88850)
